[2m2022-05-27 00:29:23.984[0;39m [32mDEBUG[0;39m [35m43628[0;39m [2m---[0;39m [2m[nio-9999-exec-3][0;39m [36mc.ssafy.vue.controller.BoardController  [0;39m [2m:[0;39m retrieveBoard - 호출
[2m2022-05-27 00:29:24.003[0;39m [32mDEBUG[0;39m [35m43628[0;39m [2m---[0;39m [2m[nio-9999-exec-4][0;39m [36mcom.ssafy.vue.controller.QnaController  [0;39m [2m:[0;39m retrieveQna - 호출
[2m2022-05-27 00:30:22.939[0;39m [32mDEBUG[0;39m [35m43628[0;39m [2m---[0;39m [2m[nio-9999-exec-5][0;39m [36mc.ssafy.vue.controller.BoardController  [0;39m [2m:[0;39m retrieveBoard - 호출
[2m2022-05-27 00:30:22.953[0;39m [32mDEBUG[0;39m [35m43628[0;39m [2m---[0;39m [2m[nio-9999-exec-6][0;39m [36mcom.ssafy.vue.controller.QnaController  [0;39m [2m:[0;39m retrieveQna - 호출
[2m2022-05-27 00:34:51.551[0;39m [32mDEBUG[0;39m [35m43628[0;39m [2m---[0;39m [2m[nio-9999-exec-9][0;39m [36mc.ssafy.vue.controller.BoardController  [0;39m [2m:[0;39m retrieveBoard - 호출
[2m2022-05-27 00:34:51.560[0;39m [32mDEBUG[0;39m [35m43628[0;39m [2m---[0;39m [2m[io-9999-exec-10][0;39m [36mcom.ssafy.vue.controller.QnaController  [0;39m [2m:[0;39m retrieveQna - 호출
[2m2022-05-27 00:35:27.448[0;39m [32mDEBUG[0;39m [35m43628[0;39m [2m---[0;39m [2m[nio-9999-exec-1][0;39m [36mc.ssafy.vue.controller.BoardController  [0;39m [2m:[0;39m retrieveBoard - 호출
[2m2022-05-27 00:35:27.456[0;39m [32mDEBUG[0;39m [35m43628[0;39m [2m---[0;39m [2m[nio-9999-exec-2][0;39m [36mcom.ssafy.vue.controller.QnaController  [0;39m [2m:[0;39m retrieveQna - 호출
[2m2022-05-27 00:39:03.221[0;39m [32mDEBUG[0;39m [35m43628[0;39m [2m---[0;39m [2m[nio-9999-exec-5][0;39m [36mc.ssafy.vue.controller.BoardController  [0;39m [2m:[0;39m retrieveBoard - 호출
[2m2022-05-27 00:39:03.232[0;39m [32mDEBUG[0;39m [35m43628[0;39m [2m---[0;39m [2m[nio-9999-exec-6][0;39m [36mcom.ssafy.vue.controller.QnaController  [0;39m [2m:[0;39m retrieveQna - 호출
[2m2022-05-27 00:55:50.159[0;39m [32mDEBUG[0;39m [35m43628[0;39m [2m---[0;39m [2m[nio-9999-exec-7][0;39m [36mc.ssafy.vue.controller.BoardController  [0;39m [2m:[0;39m retrieveBoard - 호출
[2m2022-05-27 00:55:50.170[0;39m [32mDEBUG[0;39m [35m43628[0;39m [2m---[0;39m [2m[nio-9999-exec-9][0;39m [36mcom.ssafy.vue.controller.QnaController  [0;39m [2m:[0;39m retrieveQna - 호출
[2m2022-05-27 00:56:53.191[0;39m [32mDEBUG[0;39m [35m43628[0;39m [2m---[0;39m [2m[nio-9999-exec-2][0;39m [36mc.ssafy.vue.controller.BoardController  [0;39m [2m:[0;39m retrieveBoard - 호출
[2m2022-05-27 00:56:53.198[0;39m [32mDEBUG[0;39m [35m43628[0;39m [2m---[0;39m [2m[nio-9999-exec-3][0;39m [36mcom.ssafy.vue.controller.QnaController  [0;39m [2m:[0;39m retrieveQna - 호출
[2m2022-05-27 00:57:07.395[0;39m [32mDEBUG[0;39m [35m43628[0;39m [2m---[0;39m [2m[nio-9999-exec-4][0;39m [36mc.ssafy.vue.controller.BoardController  [0;39m [2m:[0;39m retrieveBoard - 호출
[2m2022-05-27 00:57:07.405[0;39m [32mDEBUG[0;39m [35m43628[0;39m [2m---[0;39m [2m[nio-9999-exec-5][0;39m [36mcom.ssafy.vue.controller.QnaController  [0;39m [2m:[0;39m retrieveQna - 호출
[2m2022-05-27 00:57:41.041[0;39m [32mDEBUG[0;39m [35m43628[0;39m [2m---[0;39m [2m[nio-9999-exec-6][0;39m [36mc.ssafy.vue.controller.BoardController  [0;39m [2m:[0;39m retrieveBoard - 호출
[2m2022-05-27 00:57:41.053[0;39m [32mDEBUG[0;39m [35m43628[0;39m [2m---[0;39m [2m[nio-9999-exec-8][0;39m [36mcom.ssafy.vue.controller.QnaController  [0;39m [2m:[0;39m retrieveQna - 호출
[2m2022-05-27 01:15:13.022[0;39m [32m INFO[0;39m [35m43628[0;39m [2m---[0;39m [2m[on(2)-127.0.0.1][0;39m [36minMXBeanRegistrar$SpringApplicationAdmin[0;39m [2m:[0;39m Application shutdown requested.
[2m2022-05-27 02:47:42.111[0;39m [32m INFO[0;39m [35m26928[0;39m [2m---[0;39m [2m[  restartedMain][0;39m [36m.e.DevToolsPropertyDefaultsPostProcessor[0;39m [2m:[0;39m Devtools property defaults active! Set 'spring.devtools.add-properties' to 'false' to disable
[2m2022-05-27 02:47:42.115[0;39m [32m INFO[0;39m [35m26928[0;39m [2m---[0;39m [2m[  restartedMain][0;39m [36m.e.DevToolsPropertyDefaultsPostProcessor[0;39m [2m:[0;39m For additional web related logging consider setting the 'logging.level.web' property to 'DEBUG'
[2m2022-05-27 02:47:43.995[0;39m [32m INFO[0;39m [35m26928[0;39m [2m---[0;39m [2m[  restartedMain][0;39m [36mo.s.b.w.embedded.tomcat.TomcatWebServer [0;39m [2m:[0;39m Tomcat initialized with port(s): 9999 (http)
[2m2022-05-27 02:47:44.304[0;39m [32m INFO[0;39m [35m26928[0;39m [2m---[0;39m [2m[  restartedMain][0;39m [36mw.s.c.ServletWebServerApplicationContext[0;39m [2m:[0;39m Root WebApplicationContext: initialization completed in 2188 ms
[2m2022-05-27 02:47:45.387[0;39m [32m INFO[0;39m [35m26928[0;39m [2m---[0;39m [2m[  restartedMain][0;39m [36mo.s.b.d.a.OptionalLiveReloadServer      [0;39m [2m:[0;39m LiveReload server is running on port 35729
[2m2022-05-27 02:47:45.669[0;39m [32m INFO[0;39m [35m26928[0;39m [2m---[0;39m [2m[  restartedMain][0;39m [36mo.s.b.w.embedded.tomcat.TomcatWebServer [0;39m [2m:[0;39m Tomcat started on port(s): 9999 (http) with context path '/vue'
[2m2022-05-27 02:49:24.178[0;39m [32m INFO[0;39m [35m26928[0;39m [2m---[0;39m [2m[nio-9999-exec-1][0;39m [36mo.s.web.servlet.DispatcherServlet       [0;39m [2m:[0;39m Initializing Servlet 'dispatcherServlet'
[2m2022-05-27 02:49:24.182[0;39m [32m INFO[0;39m [35m26928[0;39m [2m---[0;39m [2m[nio-9999-exec-1][0;39m [36mo.s.web.servlet.DispatcherServlet       [0;39m [2m:[0;39m Completed initialization in 4 ms
[2m2022-05-27 02:49:24.261[0;39m [32mDEBUG[0;39m [35m26928[0;39m [2m---[0;39m [2m[nio-9999-exec-2][0;39m [36mc.ssafy.vue.controller.BoardController  [0;39m [2m:[0;39m retrieveBoard - 호출
[2m2022-05-27 02:49:24.261[0;39m [32mDEBUG[0;39m [35m26928[0;39m [2m---[0;39m [2m[nio-9999-exec-1][0;39m [36mcom.ssafy.vue.controller.QnaController  [0;39m [2m:[0;39m retrieveQna - 호출
[2m2022-05-27 02:51:03.155[0;39m [32mDEBUG[0;39m [35m26928[0;39m [2m---[0;39m [2m[nio-9999-exec-5][0;39m [36mc.ssafy.vue.controller.BoardController  [0;39m [2m:[0;39m retrieveBoard - 호출
[2m2022-05-27 02:51:03.169[0;39m [32mDEBUG[0;39m [35m26928[0;39m [2m---[0;39m [2m[nio-9999-exec-6][0;39m [36mcom.ssafy.vue.controller.QnaController  [0;39m [2m:[0;39m retrieveQna - 호출
[2m2022-05-27 02:54:06.070[0;39m [32mDEBUG[0;39m [35m26928[0;39m [2m---[0;39m [2m[nio-9999-exec-9][0;39m [36mc.ssafy.vue.controller.MemberController [0;39m [2m:[0;39m checkId - 호출
[2m2022-05-27 02:58:43.786[0;39m [32mDEBUG[0;39m [35m26928[0;39m [2m---[0;39m [2m[nio-9999-exec-1][0;39m [36mc.ssafy.vue.controller.BoardController  [0;39m [2m:[0;39m retrieveBoard - 호출
[2m2022-05-27 02:58:43.795[0;39m [32mDEBUG[0;39m [35m26928[0;39m [2m---[0;39m [2m[nio-9999-exec-2][0;39m [36mcom.ssafy.vue.controller.QnaController  [0;39m [2m:[0;39m retrieveQna - 호출
[2m2022-05-27 02:59:05.359[0;39m [32mDEBUG[0;39m [35m26928[0;39m [2m---[0;39m [2m[nio-9999-exec-4][0;39m [36mc.ssafy.vue.controller.BoardController  [0;39m [2m:[0;39m retrieveBoard - 호출
[2m2022-05-27 02:59:05.373[0;39m [32mDEBUG[0;39m [35m26928[0;39m [2m---[0;39m [2m[nio-9999-exec-3][0;39m [36mcom.ssafy.vue.controller.QnaController  [0;39m [2m:[0;39m retrieveQna - 호출
[2m2022-05-27 02:59:34.901[0;39m [32mDEBUG[0;39m [35m26928[0;39m [2m---[0;39m [2m[nio-9999-exec-5][0;39m [36mc.ssafy.vue.controller.BoardController  [0;39m [2m:[0;39m retrieveBoard - 호출
[2m2022-05-27 02:59:34.917[0;39m [32mDEBUG[0;39m [35m26928[0;39m [2m---[0;39m [2m[nio-9999-exec-6][0;39m [36mcom.ssafy.vue.controller.QnaController  [0;39m [2m:[0;39m retrieveQna - 호출
[2m2022-05-27 03:00:29.215[0;39m [32mDEBUG[0;39m [35m26928[0;39m [2m---[0;39m [2m[nio-9999-exec-1][0;39m [36mc.ssafy.vue.controller.MemberController [0;39m [2m:[0;39m 로그인 토큰정보 : eyJ0eXAiOiJKV1QiLCJyZWdEYXRlIjoxNjUzNTg4MDI5MTc4LCJhbGciOiJIUzI1NiJ9.eyJleHAiOjE2NTM1OTE2MjksInN1YiI6ImFjY2Vzcy10b2tlbiIsInVzZXJpZCI6InNzYWZ5c3NhZnkifQ.iB52g7FGTFiI1Bpfo4wPjdsIUD5fq5EbvmpFDEExHYo
[2m2022-05-27 03:00:29.276[0;39m [32mDEBUG[0;39m [35m26928[0;39m [2m---[0;39m [2m[nio-9999-exec-3][0;39m [36mc.ssafy.vue.controller.BoardController  [0;39m [2m:[0;39m retrieveBoard - 호출
[2m2022-05-27 03:00:29.277[0;39m [32mDEBUG[0;39m [35m26928[0;39m [2m---[0;39m [2m[nio-9999-exec-5][0;39m [36mcom.ssafy.vue.controller.QnaController  [0;39m [2m:[0;39m retrieveQna - 호출
[2m2022-05-27 03:00:29.283[0;39m [32m INFO[0;39m [35m26928[0;39m [2m---[0;39m [2m[nio-9999-exec-4][0;39m [36mc.ssafy.vue.controller.MemberController [0;39m [2m:[0;39m 사용 가능한 토큰!!!
[2m2022-05-27 03:00:38.578[0;39m [32mDEBUG[0;39m [35m26928[0;39m [2m---[0;39m [2m[nio-9999-exec-9][0;39m [36mc.s.vue.controller.HouseMapController   [0;39m [2m:[0;39m 수리수리 동 나와라 뚝딱 - 호출
[2m2022-05-27 03:00:41.103[0;39m [32mDEBUG[0;39m [35m26928[0;39m [2m---[0;39m [2m[io-9999-exec-10][0;39m [36mc.s.vue.controller.HouseMapController   [0;39m [2m:[0;39m 수리수리 아파트 나와라 얍 - 호출
[2m2022-05-27 03:01:23.569[0;39m [32mDEBUG[0;39m [35m26928[0;39m [2m---[0;39m [2m[nio-9999-exec-1][0;39m [36mc.ssafy.vue.controller.BoardController  [0;39m [2m:[0;39m retrieveBoard - 호출
[2m2022-05-27 03:01:23.582[0;39m [32mDEBUG[0;39m [35m26928[0;39m [2m---[0;39m [2m[nio-9999-exec-2][0;39m [36mcom.ssafy.vue.controller.QnaController  [0;39m [2m:[0;39m retrieveQna - 호출
[2m2022-05-27 03:01:42.757[0;39m [32mDEBUG[0;39m [35m26928[0;39m [2m---[0;39m [2m[nio-9999-exec-6][0;39m [36mcom.ssafy.vue.controller.QnaController  [0;39m [2m:[0;39m writeQna - 호출
[2m2022-05-27 03:01:43.555[0;39m [32mDEBUG[0;39m [35m26928[0;39m [2m---[0;39m [2m[nio-9999-exec-7][0;39m [36mcom.ssafy.vue.controller.QnaController  [0;39m [2m:[0;39m retrieveQna - 호출
[2m2022-05-27 03:01:54.506[0;39m [32mDEBUG[0;39m [35m26928[0;39m [2m---[0;39m [2m[nio-9999-exec-8][0;39m [36mcom.ssafy.vue.controller.QnaController  [0;39m [2m:[0;39m writeQna - 호출
[2m2022-05-27 03:01:55.417[0;39m [32mDEBUG[0;39m [35m26928[0;39m [2m---[0;39m [2m[nio-9999-exec-9][0;39m [36mcom.ssafy.vue.controller.QnaController  [0;39m [2m:[0;39m retrieveQna - 호출
[2m2022-05-27 03:01:57.685[0;39m [32mDEBUG[0;39m [35m26928[0;39m [2m---[0;39m [2m[io-9999-exec-10][0;39m [36mc.ssafy.vue.controller.BoardController  [0;39m [2m:[0;39m retrieveBoard - 호출
[2m2022-05-27 03:01:57.688[0;39m [32mDEBUG[0;39m [35m26928[0;39m [2m---[0;39m [2m[nio-9999-exec-1][0;39m [36mcom.ssafy.vue.controller.QnaController  [0;39m [2m:[0;39m retrieveQna - 호출
[2m2022-05-27 03:03:27.776[0;39m [32mDEBUG[0;39m [35m26928[0;39m [2m---[0;39m [2m[nio-9999-exec-6][0;39m [36mc.s.vue.controller.HouseMapController   [0;39m [2m:[0;39m 수리수리 동 나와라 뚝딱 - 호출
[2m2022-05-27 03:03:29.720[0;39m [32mDEBUG[0;39m [35m26928[0;39m [2m---[0;39m [2m[nio-9999-exec-7][0;39m [36mc.s.vue.controller.HouseMapController   [0;39m [2m:[0;39m 수리수리 아파트 나와라 얍 - 호출
[2m2022-05-27 03:04:29.652[0;39m [32mDEBUG[0;39m [35m26928[0;39m [2m---[0;39m [2m[nio-9999-exec-8][0;39m [36mc.ssafy.vue.controller.BoardController  [0;39m [2m:[0;39m retrieveBoard - 호출
[2m2022-05-27 03:04:29.662[0;39m [32mDEBUG[0;39m [35m26928[0;39m [2m---[0;39m [2m[nio-9999-exec-9][0;39m [36mcom.ssafy.vue.controller.QnaController  [0;39m [2m:[0;39m retrieveQna - 호출
[2m2022-05-27 03:06:36.953[0;39m [32mDEBUG[0;39m [35m26928[0;39m [2m---[0;39m [2m[nio-9999-exec-1][0;39m [36mc.ssafy.vue.controller.BoardController  [0;39m [2m:[0;39m retrieveBoard - 호출
[2m2022-05-27 03:06:40.434[0;39m [32mDEBUG[0;39m [35m26928[0;39m [2m---[0;39m [2m[nio-9999-exec-2][0;39m [36mc.ssafy.vue.controller.BoardController  [0;39m [2m:[0;39m retrieveBoard - 호출
[2m2022-05-27 03:06:40.439[0;39m [32mDEBUG[0;39m [35m26928[0;39m [2m---[0;39m [2m[nio-9999-exec-5][0;39m [36mcom.ssafy.vue.controller.QnaController  [0;39m [2m:[0;39m retrieveQna - 호출
[2m2022-05-27 03:22:13.926[0;39m [32m INFO[0;39m [35m26928[0;39m [2m---[0;39m [2m[  restartedMain][0;39m [36mo.s.b.w.embedded.tomcat.TomcatWebServer [0;39m [2m:[0;39m Tomcat initialized with port(s): 9999 (http)
[2m2022-05-27 03:22:14.013[0;39m [32m INFO[0;39m [35m26928[0;39m [2m---[0;39m [2m[  restartedMain][0;39m [36mw.s.c.ServletWebServerApplicationContext[0;39m [2m:[0;39m Root WebApplicationContext: initialization completed in 604 ms
[2m2022-05-27 03:22:14.242[0;39m [32m INFO[0;39m [35m26928[0;39m [2m---[0;39m [2m[  restartedMain][0;39m [36mo.s.b.d.a.OptionalLiveReloadServer      [0;39m [2m:[0;39m LiveReload server is running on port 35729
[2m2022-05-27 03:22:14.306[0;39m [32m INFO[0;39m [35m26928[0;39m [2m---[0;39m [2m[  restartedMain][0;39m [36mo.s.b.w.embedded.tomcat.TomcatWebServer [0;39m [2m:[0;39m Tomcat started on port(s): 9999 (http) with context path '/vue'
[2m2022-05-27 03:22:14.438[0;39m [32m INFO[0;39m [35m26928[0;39m [2m---[0;39m [2m[  restartedMain][0;39m [36m.ConditionEvaluationDeltaLoggingListener[0;39m [2m:[0;39m Condition evaluation unchanged
[2m2022-05-27 03:28:36.968[0;39m [32m INFO[0;39m [35m26928[0;39m [2m---[0;39m [2m[nio-9999-exec-1][0;39m [36mo.s.web.servlet.DispatcherServlet       [0;39m [2m:[0;39m Initializing Servlet 'dispatcherServlet'
[2m2022-05-27 03:28:36.973[0;39m [32m INFO[0;39m [35m26928[0;39m [2m---[0;39m [2m[nio-9999-exec-1][0;39m [36mo.s.web.servlet.DispatcherServlet       [0;39m [2m:[0;39m Completed initialization in 1 ms
[2m2022-05-27 03:28:36.977[0;39m [32mDEBUG[0;39m [35m26928[0;39m [2m---[0;39m [2m[nio-9999-exec-1][0;39m [36mc.ssafy.vue.controller.BoardController  [0;39m [2m:[0;39m retrieveBoard - 호출
[2m2022-05-27 03:28:36.986[0;39m [32mDEBUG[0;39m [35m26928[0;39m [2m---[0;39m [2m[nio-9999-exec-2][0;39m [36mcom.ssafy.vue.controller.QnaController  [0;39m [2m:[0;39m retrieveQna - 호출
[2m2022-05-27 04:17:06.472[0;39m [32mDEBUG[0;39m [35m26928[0;39m [2m---[0;39m [2m[nio-9999-exec-5][0;39m [36mc.ssafy.vue.controller.MemberController [0;39m [2m:[0;39m 로그인 토큰정보 : eyJ0eXAiOiJKV1QiLCJyZWdEYXRlIjoxNjUzNTkyNjI2NDY5LCJhbGciOiJIUzI1NiJ9.eyJleHAiOjE2NTM1OTYyMjYsInN1YiI6ImFjY2Vzcy10b2tlbiIsInVzZXJpZCI6InNzYWZ5c3NhZnkifQ.BXQ7-lJBqq4wa_CL-_lqLzk9vkPa4FjZDLrpoAvEwa4
[2m2022-05-27 04:17:06.492[0;39m [32m INFO[0;39m [35m26928[0;39m [2m---[0;39m [2m[nio-9999-exec-6][0;39m [36mc.ssafy.vue.controller.MemberController [0;39m [2m:[0;39m 사용 가능한 토큰!!!
[2m2022-05-27 04:17:06.520[0;39m [32mDEBUG[0;39m [35m26928[0;39m [2m---[0;39m [2m[nio-9999-exec-7][0;39m [36mc.ssafy.vue.controller.BoardController  [0;39m [2m:[0;39m retrieveBoard - 호출
[2m2022-05-27 04:17:06.548[0;39m [32mDEBUG[0;39m [35m26928[0;39m [2m---[0;39m [2m[nio-9999-exec-8][0;39m [36mcom.ssafy.vue.controller.QnaController  [0;39m [2m:[0;39m retrieveQna - 호출
[2m2022-05-27 04:33:04.388[0;39m [32mDEBUG[0;39m [35m26928[0;39m [2m---[0;39m [2m[io-9999-exec-10][0;39m [36mc.ssafy.vue.controller.BoardController  [0;39m [2m:[0;39m retrieveBoard - 호출
[2m2022-05-27 04:33:04.396[0;39m [32mDEBUG[0;39m [35m26928[0;39m [2m---[0;39m [2m[nio-9999-exec-2][0;39m [36mcom.ssafy.vue.controller.QnaController  [0;39m [2m:[0;39m retrieveQna - 호출
[2m2022-05-27 04:34:20.353[0;39m [32mDEBUG[0;39m [35m26928[0;39m [2m---[0;39m [2m[nio-9999-exec-3][0;39m [36mc.ssafy.vue.controller.BoardController  [0;39m [2m:[0;39m retrieveBoard - 호출
[2m2022-05-27 04:34:20.360[0;39m [32mDEBUG[0;39m [35m26928[0;39m [2m---[0;39m [2m[nio-9999-exec-5][0;39m [36mcom.ssafy.vue.controller.QnaController  [0;39m [2m:[0;39m retrieveQna - 호출
[2m2022-05-27 04:34:58.413[0;39m [32mDEBUG[0;39m [35m26928[0;39m [2m---[0;39m [2m[nio-9999-exec-6][0;39m [36mc.ssafy.vue.controller.BoardController  [0;39m [2m:[0;39m retrieveBoard - 호출
[2m2022-05-27 04:34:58.420[0;39m [32mDEBUG[0;39m [35m26928[0;39m [2m---[0;39m [2m[nio-9999-exec-7][0;39m [36mcom.ssafy.vue.controller.QnaController  [0;39m [2m:[0;39m retrieveQna - 호출
[2m2022-05-27 04:35:30.621[0;39m [32mDEBUG[0;39m [35m26928[0;39m [2m---[0;39m [2m[nio-9999-exec-8][0;39m [36mc.ssafy.vue.controller.BoardController  [0;39m [2m:[0;39m retrieveBoard - 호출
[2m2022-05-27 04:35:30.629[0;39m [32mDEBUG[0;39m [35m26928[0;39m [2m---[0;39m [2m[nio-9999-exec-9][0;39m [36mcom.ssafy.vue.controller.QnaController  [0;39m [2m:[0;39m retrieveQna - 호출
[2m2022-05-27 04:41:31.483[0;39m [32mDEBUG[0;39m [35m26928[0;39m [2m---[0;39m [2m[nio-9999-exec-1][0;39m [36mc.ssafy.vue.controller.BoardController  [0;39m [2m:[0;39m retrieveBoard - 호출
[2m2022-05-27 04:41:31.490[0;39m [32mDEBUG[0;39m [35m26928[0;39m [2m---[0;39m [2m[nio-9999-exec-4][0;39m [36mcom.ssafy.vue.controller.QnaController  [0;39m [2m:[0;39m retrieveQna - 호출
[2m2022-05-27 05:04:28.053[0;39m [32mDEBUG[0;39m [35m26928[0;39m [2m---[0;39m [2m[nio-9999-exec-6][0;39m [36mc.ssafy.vue.controller.BoardController  [0;39m [2m:[0;39m retrieveBoard - 호출
[2m2022-05-27 05:04:28.059[0;39m [32mDEBUG[0;39m [35m26928[0;39m [2m---[0;39m [2m[nio-9999-exec-7][0;39m [36mcom.ssafy.vue.controller.QnaController  [0;39m [2m:[0;39m retrieveQna - 호출
[2m2022-05-27 05:07:28.810[0;39m [32mDEBUG[0;39m [35m26928[0;39m [2m---[0;39m [2m[io-9999-exec-10][0;39m [36mc.ssafy.vue.controller.MemberController [0;39m [2m:[0;39m updateMember - 호출
[2m2022-05-27 05:51:15.209[0;39m [32mDEBUG[0;39m [35m26928[0;39m [2m---[0;39m [2m[nio-9999-exec-5][0;39m [36mc.ssafy.vue.controller.MemberController [0;39m [2m:[0;39m updateMember - 호출
[2m2022-05-27 05:53:01.997[0;39m [32mDEBUG[0;39m [35m26928[0;39m [2m---[0;39m [2m[nio-9999-exec-6][0;39m [36mc.ssafy.vue.controller.BoardController  [0;39m [2m:[0;39m retrieveBoard - 호출
[2m2022-05-27 05:53:02.012[0;39m [32mDEBUG[0;39m [35m26928[0;39m [2m---[0;39m [2m[nio-9999-exec-7][0;39m [36mcom.ssafy.vue.controller.QnaController  [0;39m [2m:[0;39m retrieveQna - 호출
[2m2022-05-27 06:13:02.032[0;39m [32mDEBUG[0;39m [35m26928[0;39m [2m---[0;39m [2m[nio-9999-exec-6][0;39m [36mc.ssafy.vue.controller.BoardController  [0;39m [2m:[0;39m retrieveBoard - 호출
[2m2022-05-27 06:13:02.041[0;39m [32mDEBUG[0;39m [35m26928[0;39m [2m---[0;39m [2m[nio-9999-exec-7][0;39m [36mcom.ssafy.vue.controller.QnaController  [0;39m [2m:[0;39m retrieveQna - 호출
[2m2022-05-27 06:28:49.781[0;39m [32mDEBUG[0;39m [35m26928[0;39m [2m---[0;39m [2m[nio-9999-exec-6][0;39m [36mcom.ssafy.vue.controller.QnaController  [0;39m [2m:[0;39m retrieveQna - 호출
[2m2022-05-27 06:28:52.675[0;39m [32mDEBUG[0;39m [35m26928[0;39m [2m---[0;39m [2m[nio-9999-exec-8][0;39m [36mc.ssafy.vue.controller.BoardController  [0;39m [2m:[0;39m retrieveBoard - 호출
[2m2022-05-27 06:28:53.786[0;39m [32mDEBUG[0;39m [35m26928[0;39m [2m---[0;39m [2m[nio-9999-exec-9][0;39m [36mc.ssafy.vue.controller.BoardController  [0;39m [2m:[0;39m retrieveBoard - 호출
[2m2022-05-27 06:28:53.795[0;39m [32mDEBUG[0;39m [35m26928[0;39m [2m---[0;39m [2m[nio-9999-exec-2][0;39m [36mcom.ssafy.vue.controller.QnaController  [0;39m [2m:[0;39m retrieveQna - 호출
[2m2022-05-27 06:44:46.757[0;39m [32m INFO[0;39m [35m26928[0;39m [2m---[0;39m [2m[on(2)-127.0.0.1][0;39m [36minMXBeanRegistrar$SpringApplicationAdmin[0;39m [2m:[0;39m Application shutdown requested.
